c:\users\user\dropbox\24780 engineering computation\project\io\io\x64\debug\vc141.pdb
c:\users\user\dropbox\24780 engineering computation\project\io\io\x64\debug\vc141.idb
c:\users\user\dropbox\24780 engineering computation\project\io\io\x64\debug\io_main_testing.obj
c:\users\user\dropbox\24780 engineering computation\project\io\io\x64\debug\io.obj
c:\users\user\dropbox\24780 engineering computation\project\io\io\x64\debug\fssimplewindow.obj
c:\users\user\dropbox\24780 engineering computation\project\io\io\x64\debug\drawkeyboard_functions.obj
c:\users\user\dropbox\24780 engineering computation\project\io\io\x64\debug\yssimplesound_dsound.obj
c:\users\user\dropbox\24780 engineering computation\project\io\io\x64\debug\sound.obj
c:\users\user\dropbox\24780 engineering computation\project\io\io\x64\debug\io.pch
c:\users\user\dropbox\24780 engineering computation\project\io\io\x64\debug\pch.obj
c:\users\user\dropbox\24780 engineering computation\project\io\io\x64\debug\yssimplesound.obj
c:\users\user\dropbox\24780 engineering computation\project\io\io\x64\debug\ysglfontdata.obj
c:\users\user\dropbox\24780 engineering computation\project\io\x64\debug\io.exe
c:\users\user\dropbox\24780 engineering computation\project\io\x64\debug\io.ilk
c:\users\user\dropbox\24780 engineering computation\project\io\x64\debug\io.pdb
c:\users\user\dropbox\24780 engineering computation\project\io\io\x64\debug\io.tlog\cl.command.1.tlog
c:\users\user\dropbox\24780 engineering computation\project\io\io\x64\debug\io.tlog\cl.read.1.tlog
c:\users\user\dropbox\24780 engineering computation\project\io\io\x64\debug\io.tlog\cl.write.1.tlog
c:\users\user\dropbox\24780 engineering computation\project\io\io\x64\debug\io.tlog\link.command.1.tlog
c:\users\user\dropbox\24780 engineering computation\project\io\io\x64\debug\io.tlog\link.read.1.tlog
c:\users\user\dropbox\24780 engineering computation\project\io\io\x64\debug\io.tlog\link.write.1.tlog
